<?xml version="1.0" encoding="UTF-8"?>
<coverage generated="1443041390">
  <project timestamp="1443041390">
    <file name="/code/src/DataParser.php">
      <metrics loc="10" ncloc="10" classes="0" methods="0" coveredmethods="0" conditionals="0" coveredconditionals="0" statements="0" coveredstatements="0" elements="0" coveredelements="0"/>
    </file>
    <package name="Fetcher">
      <file name="/code/src/Parser.php">
        <class name="Parser" namespace="Fetcher">
          <metrics methods="1" coveredmethods="1" conditionals="0" coveredconditionals="0" statements="22" coveredstatements="22" elements="23" coveredelements="23"/>
        </class>
        <line num="9" type="method" name="parse" crap="3" count="3"/>
        <line num="11" type="stmt" count="3"/>
        <line num="13" type="stmt" count="3"/>
        <line num="15" type="stmt" count="3"/>
        <line num="17" type="stmt" count="3"/>
        <line num="19" type="stmt" count="3"/>
        <line num="20" type="stmt" count="3"/>
        <line num="22" type="stmt" count="3"/>
        <line num="23" type="stmt" count="3"/>
        <line num="24" type="stmt" count="3"/>
        <line num="25" type="stmt" count="2"/>
        <line num="26" type="stmt" count="2"/>
        <line num="28" type="stmt" count="3"/>
        <line num="30" type="stmt" count="3"/>
        <line num="32" type="stmt" count="3"/>
        <line num="33" type="stmt" count="3"/>
        <line num="35" type="stmt" count="3"/>
        <line num="36" type="stmt" count="3"/>
        <line num="38" type="stmt" count="3"/>
        <line num="39" type="stmt" count="3"/>
        <line num="40" type="stmt" count="2"/>
        <line num="41" type="stmt" count="2"/>
        <line num="43" type="stmt" count="3"/>
        <metrics loc="45" ncloc="45" classes="1" methods="1" coveredmethods="1" conditionals="0" coveredconditionals="0" statements="22" coveredstatements="22" elements="23" coveredelements="23"/>
      </file>
      <file name="/code/src/Uri.php">
        <class name="Uri" namespace="Fetcher">
          <metrics methods="8" coveredmethods="7" conditionals="0" coveredconditionals="0" statements="17" coveredstatements="16" elements="25" coveredelements="23"/>
        </class>
        <line num="9" type="method" name="__construct" crap="1" count="23"/>
        <line num="11" type="stmt" count="23"/>
        <line num="12" type="stmt" count="23"/>
        <line num="14" type="method" name="toAbsoluteUrl" crap="3.07" count="2"/>
        <line num="16" type="stmt" count="2"/>
        <line num="17" type="stmt" count="1"/>
        <line num="20" type="stmt" count="1"/>
        <line num="21" type="stmt" count="1"/>
        <line num="24" type="stmt" count="0"/>
        <line num="27" type="method" name="isAbsolute" crap="1" count="5"/>
        <line num="29" type="stmt" count="5"/>
        <line num="32" type="method" name="isImage" crap="1" count="6"/>
        <line num="34" type="stmt" count="6"/>
        <line num="37" type="method" name="isRoot" crap="1" count="1"/>
        <line num="39" type="stmt" count="1"/>
        <line num="42" type="method" name="getRootDomain" crap="1" count="7"/>
        <line num="44" type="stmt" count="7"/>
        <line num="46" type="stmt" count="7"/>
        <line num="49" type="method" name="getLastDir" crap="2" count="5"/>
        <line num="51" type="stmt" count="5"/>
        <line num="53" type="stmt" count="5"/>
        <line num="54" type="stmt" count="1"/>
        <line num="57" type="stmt" count="4"/>
        <line num="60" type="method" name="__toString" crap="1" count="1"/>
        <line num="62" type="stmt" count="1"/>
        <metrics loc="64" ncloc="64" classes="1" methods="8" coveredmethods="7" conditionals="0" coveredconditionals="0" statements="17" coveredstatements="16" elements="25" coveredelements="23"/>
      </file>
      <file name="/code/src/Url.php">
        <class name="Url" namespace="Fetcher">
          <metrics methods="1" coveredmethods="1" conditionals="0" coveredconditionals="0" statements="3" coveredstatements="3" elements="4" coveredelements="4"/>
        </class>
        <line num="9" type="method" name="__construct" crap="1" count="3"/>
        <line num="11" type="stmt" count="3"/>
        <line num="13" type="stmt" count="3"/>
        <line num="14" type="stmt" count="3"/>
        <metrics loc="16" ncloc="16" classes="1" methods="1" coveredmethods="1" conditionals="0" coveredconditionals="0" statements="3" coveredstatements="3" elements="4" coveredelements="4"/>
      </file>
    </package>
    <package name="Fetcher\Parser">
      <file name="/code/src/Parser/ChainParser.php">
        <class name="ChainParser" namespace="Fetcher\Parser">
          <metrics methods="2" coveredmethods="2" conditionals="0" coveredconditionals="0" statements="9" coveredstatements="9" elements="11" coveredelements="11"/>
        </class>
        <line num="12" type="method" name="__construct" crap="1" count="3"/>
        <line num="14" type="stmt" count="3"/>
        <line num="16" type="stmt" count="3"/>
        <line num="17" type="stmt" count="3"/>
        <line num="19" type="method" name="find" crap="3" count="3"/>
        <line num="21" type="stmt" count="3"/>
        <line num="22" type="stmt" count="3"/>
        <line num="23" type="stmt" count="3"/>
        <line num="24" type="stmt" count="2"/>
        <line num="26" type="stmt" count="2"/>
        <line num="28" type="stmt" count="2"/>
        <metrics loc="30" ncloc="30" classes="1" methods="2" coveredmethods="2" conditionals="0" coveredconditionals="0" statements="9" coveredstatements="9" elements="11" coveredelements="11"/>
      </file>
      <file name="/code/src/Parser/ImageTagParser.php">
        <class name="ImageTagParser" namespace="Fetcher\Parser">
          <metrics methods="1" coveredmethods="1" conditionals="0" coveredconditionals="0" statements="3" coveredstatements="3" elements="4" coveredelements="4"/>
        </class>
        <line num="10" type="method" name="find" crap="2" count="2"/>
        <line num="13" type="stmt" count="2"/>
        <line num="14" type="stmt" count="1"/>
        <line num="15" type="stmt" count="1"/>
        <metrics loc="18" ncloc="18" classes="1" methods="1" coveredmethods="1" conditionals="0" coveredconditionals="0" statements="3" coveredstatements="3" elements="4" coveredelements="4"/>
      </file>
      <file name="/code/src/Parser/MetaDescriptionParser.php">
        <class name="MetaDescriptionParser" namespace="Fetcher\Parser">
          <metrics methods="1" coveredmethods="1" conditionals="0" coveredconditionals="0" statements="3" coveredstatements="3" elements="4" coveredelements="4"/>
        </class>
        <line num="10" type="method" name="find" crap="2" count="2"/>
        <line num="13" type="stmt" count="2"/>
        <line num="14" type="stmt" count="2"/>
        <line num="15" type="stmt" count="2"/>
        <metrics loc="18" ncloc="18" classes="1" methods="1" coveredmethods="1" conditionals="0" coveredconditionals="0" statements="3" coveredstatements="3" elements="4" coveredelements="4"/>
      </file>
      <file name="/code/src/Parser/OpenGraphDescriptionParser.php">
        <class name="OpenGraphDescriptionParser" namespace="Fetcher\Parser">
          <metrics methods="1" coveredmethods="1" conditionals="0" coveredconditionals="0" statements="4" coveredstatements="4" elements="5" coveredelements="5"/>
        </class>
        <line num="10" type="method" name="find" crap="3" count="3"/>
        <line num="13" type="stmt" count="3"/>
        <line num="15" type="stmt" count="1"/>
        <line num="16" type="stmt" count="2"/>
        <line num="17" type="stmt" count="2"/>
        <metrics loc="20" ncloc="20" classes="1" methods="1" coveredmethods="1" conditionals="0" coveredconditionals="0" statements="4" coveredstatements="4" elements="5" coveredelements="5"/>
      </file>
      <file name="/code/src/Parser/OpenGraphImageParser.php">
        <class name="OpenGraphImageParser" namespace="Fetcher\Parser">
          <metrics methods="1" coveredmethods="1" conditionals="0" coveredconditionals="0" statements="3" coveredstatements="3" elements="4" coveredelements="4"/>
        </class>
        <line num="10" type="method" name="find" crap="2" count="3"/>
        <line num="13" type="stmt" count="3"/>
        <line num="14" type="stmt" count="2"/>
        <line num="15" type="stmt" count="2"/>
        <metrics loc="18" ncloc="18" classes="1" methods="1" coveredmethods="1" conditionals="0" coveredconditionals="0" statements="3" coveredstatements="3" elements="4" coveredelements="4"/>
      </file>
      <file name="/code/src/Parser/OpenGraphTypeParser.php">
        <class name="OpenGraphTypeParser" namespace="Fetcher\Parser">
          <metrics methods="1" coveredmethods="1" conditionals="0" coveredconditionals="0" statements="3" coveredstatements="3" elements="4" coveredelements="4"/>
        </class>
        <line num="10" type="method" name="find" crap="2" count="3"/>
        <line num="13" type="stmt" count="3"/>
        <line num="14" type="stmt" count="2"/>
        <line num="15" type="stmt" count="2"/>
        <metrics loc="18" ncloc="18" classes="1" methods="1" coveredmethods="1" conditionals="0" coveredconditionals="0" statements="3" coveredstatements="3" elements="4" coveredelements="4"/>
      </file>
      <file name="/code/src/Parser/OpenGraphVideoParser.php">
        <class name="OpenGraphVideoParser" namespace="Fetcher\Parser">
          <metrics methods="1" coveredmethods="1" conditionals="0" coveredconditionals="0" statements="3" coveredstatements="3" elements="4" coveredelements="4"/>
        </class>
        <line num="10" type="method" name="find" crap="2" count="3"/>
        <line num="13" type="stmt" count="3"/>
        <line num="14" type="stmt" count="2"/>
        <line num="15" type="stmt" count="2"/>
        <metrics loc="18" ncloc="18" classes="1" methods="1" coveredmethods="1" conditionals="0" coveredconditionals="0" statements="3" coveredstatements="3" elements="4" coveredelements="4"/>
      </file>
      <file name="/code/src/Parser/TitleParser.php">
        <class name="TitleParser" namespace="Fetcher\Parser">
          <metrics methods="1" coveredmethods="1" conditionals="0" coveredconditionals="0" statements="3" coveredstatements="3" elements="4" coveredelements="4"/>
        </class>
        <line num="10" type="method" name="find" crap="2" count="3"/>
        <line num="13" type="stmt" count="3"/>
        <line num="14" type="stmt" count="2"/>
        <line num="15" type="stmt" count="2"/>
        <metrics loc="18" ncloc="18" classes="1" methods="1" coveredmethods="1" conditionals="0" coveredconditionals="0" statements="3" coveredstatements="3" elements="4" coveredelements="4"/>
      </file>
    </package>
    <package name="Assert">
      <file name="/code/vendor/beberlei/assert/lib/Assert/Assertion.php">
        <class name="Assertion" namespace="Assert">
          <metrics methods="62" coveredmethods="0" conditionals="0" coveredconditionals="0" statements="519" coveredstatements="23" elements="581" coveredelements="23"/>
        </class>
        <line num="206" type="method" name="createException" crap="2" count="0"/>
        <line num="208" type="stmt" count="0"/>
        <line num="209" type="stmt" count="0"/>
        <line num="222" type="method" name="eq" crap="12" count="0"/>
        <line num="224" type="stmt" count="0"/>
        <line num="225" type="stmt" count="0"/>
        <line num="226" type="stmt" count="0"/>
        <line num="227" type="stmt" count="0"/>
        <line num="228" type="stmt" count="0"/>
        <line num="229" type="stmt" count="0"/>
        <line num="231" type="stmt" count="0"/>
        <line num="233" type="stmt" count="0"/>
        <line num="245" type="method" name="same" crap="12" count="0"/>
        <line num="247" type="stmt" count="0"/>
        <line num="248" type="stmt" count="0"/>
        <line num="249" type="stmt" count="0"/>
        <line num="250" type="stmt" count="0"/>
        <line num="251" type="stmt" count="0"/>
        <line num="252" type="stmt" count="0"/>
        <line num="254" type="stmt" count="0"/>
        <line num="256" type="stmt" count="0"/>
        <line num="268" type="method" name="notEq" crap="12" count="0"/>
        <line num="270" type="stmt" count="0"/>
        <line num="271" type="stmt" count="0"/>
        <line num="272" type="stmt" count="0"/>
        <line num="273" type="stmt" count="0"/>
        <line num="274" type="stmt" count="0"/>
        <line num="275" type="stmt" count="0"/>
        <line num="276" type="stmt" count="0"/>
        <line num="278" type="stmt" count="0"/>
        <line num="290" type="method" name="notSame" crap="12" count="0"/>
        <line num="292" type="stmt" count="0"/>
        <line num="293" type="stmt" count="0"/>
        <line num="294" type="stmt" count="0"/>
        <line num="295" type="stmt" count="0"/>
        <line num="296" type="stmt" count="0"/>
        <line num="297" type="stmt" count="0"/>
        <line num="298" type="stmt" count="0"/>
        <line num="300" type="stmt" count="0"/>
        <line num="311" type="method" name="integer" crap="12" count="0"/>
        <line num="313" type="stmt" count="0"/>
        <line num="314" type="stmt" count="0"/>
        <line num="315" type="stmt" count="0"/>
        <line num="316" type="stmt" count="0"/>
        <line num="317" type="stmt" count="0"/>
        <line num="319" type="stmt" count="0"/>
        <line num="321" type="stmt" count="0"/>
        <line num="332" type="method" name="float" crap="12" count="0"/>
        <line num="334" type="stmt" count="0"/>
        <line num="335" type="stmt" count="0"/>
        <line num="336" type="stmt" count="0"/>
        <line num="337" type="stmt" count="0"/>
        <line num="338" type="stmt" count="0"/>
        <line num="340" type="stmt" count="0"/>
        <line num="342" type="stmt" count="0"/>
        <line num="353" type="method" name="digit" crap="12" count="0"/>
        <line num="355" type="stmt" count="0"/>
        <line num="356" type="stmt" count="0"/>
        <line num="357" type="stmt" count="0"/>
        <line num="358" type="stmt" count="0"/>
        <line num="359" type="stmt" count="0"/>
        <line num="361" type="stmt" count="0"/>
        <line num="363" type="stmt" count="0"/>
        <line num="373" type="method" name="integerish" crap="42" count="0"/>
        <line num="375" type="stmt" count="0"/>
        <line num="376" type="stmt" count="0"/>
        <line num="377" type="stmt" count="0"/>
        <line num="378" type="stmt" count="0"/>
        <line num="379" type="stmt" count="0"/>
        <line num="381" type="stmt" count="0"/>
        <line num="383" type="stmt" count="0"/>
        <line num="394" type="method" name="boolean" crap="12" count="0"/>
        <line num="396" type="stmt" count="0"/>
        <line num="397" type="stmt" count="0"/>
        <line num="398" type="stmt" count="0"/>
        <line num="399" type="stmt" count="0"/>
        <line num="400" type="stmt" count="0"/>
        <line num="402" type="stmt" count="0"/>
        <line num="404" type="stmt" count="0"/>
        <line num="415" type="method" name="scalar" crap="12" count="0"/>
        <line num="417" type="stmt" count="0"/>
        <line num="418" type="stmt" count="0"/>
        <line num="419" type="stmt" count="0"/>
        <line num="420" type="stmt" count="0"/>
        <line num="421" type="stmt" count="0"/>
        <line num="423" type="stmt" count="0"/>
        <line num="425" type="stmt" count="0"/>
        <line num="436" type="method" name="notEmpty" crap="12" count="0"/>
        <line num="438" type="stmt" count="0"/>
        <line num="439" type="stmt" count="0"/>
        <line num="440" type="stmt" count="0"/>
        <line num="441" type="stmt" count="0"/>
        <line num="442" type="stmt" count="0"/>
        <line num="444" type="stmt" count="0"/>
        <line num="446" type="stmt" count="0"/>
        <line num="457" type="method" name="noContent" crap="12" count="0"/>
        <line num="459" type="stmt" count="0"/>
        <line num="460" type="stmt" count="0"/>
        <line num="461" type="stmt" count="0"/>
        <line num="462" type="stmt" count="0"/>
        <line num="463" type="stmt" count="0"/>
        <line num="465" type="stmt" count="0"/>
        <line num="467" type="stmt" count="0"/>
        <line num="478" type="method" name="notNull" crap="12" count="0"/>
        <line num="480" type="stmt" count="0"/>
        <line num="481" type="stmt" count="0"/>
        <line num="482" type="stmt" count="0"/>
        <line num="483" type="stmt" count="0"/>
        <line num="484" type="stmt" count="0"/>
        <line num="486" type="stmt" count="0"/>
        <line num="488" type="stmt" count="0"/>
        <line num="499" type="method" name="string" crap="6.80" count="3"/>
        <line num="501" type="stmt" count="3"/>
        <line num="502" type="stmt" count="0"/>
        <line num="503" type="stmt" count="0"/>
        <line num="504" type="stmt" count="0"/>
        <line num="505" type="stmt" count="0"/>
        <line num="506" type="stmt" count="0"/>
        <line num="508" type="stmt" count="0"/>
        <line num="510" type="stmt" count="3"/>
        <line num="522" type="method" name="regex" crap="12" count="0"/>
        <line num="524" type="stmt" count="0"/>
        <line num="526" type="stmt" count="0"/>
        <line num="527" type="stmt" count="0"/>
        <line num="528" type="stmt" count="0"/>
        <line num="529" type="stmt" count="0"/>
        <line num="530" type="stmt" count="0"/>
        <line num="532" type="stmt" count="0"/>
        <line num="534" type="stmt" count="0"/>
        <line num="547" type="method" name="length" crap="12" count="0"/>
        <line num="549" type="stmt" count="0"/>
        <line num="551" type="stmt" count="0"/>
        <line num="552" type="stmt" count="0"/>
        <line num="553" type="stmt" count="0"/>
        <line num="554" type="stmt" count="0"/>
        <line num="555" type="stmt" count="0"/>
        <line num="556" type="stmt" count="0"/>
        <line num="557" type="stmt" count="0"/>
        <line num="559" type="stmt" count="0"/>
        <line num="560" type="stmt" count="0"/>
        <line num="562" type="stmt" count="0"/>
        <line num="575" type="method" name="minLength" crap="12" count="0"/>
        <line num="577" type="stmt" count="0"/>
        <line num="579" type="stmt" count="0"/>
        <line num="580" type="stmt" count="0"/>
        <line num="581" type="stmt" count="0"/>
        <line num="582" type="stmt" count="0"/>
        <line num="583" type="stmt" count="0"/>
        <line num="584" type="stmt" count="0"/>
        <line num="585" type="stmt" count="0"/>
        <line num="587" type="stmt" count="0"/>
        <line num="588" type="stmt" count="0"/>
        <line num="590" type="stmt" count="0"/>
        <line num="603" type="method" name="maxLength" crap="12" count="0"/>
        <line num="605" type="stmt" count="0"/>
        <line num="607" type="stmt" count="0"/>
        <line num="608" type="stmt" count="0"/>
        <line num="609" type="stmt" count="0"/>
        <line num="610" type="stmt" count="0"/>
        <line num="611" type="stmt" count="0"/>
        <line num="612" type="stmt" count="0"/>
        <line num="613" type="stmt" count="0"/>
        <line num="615" type="stmt" count="0"/>
        <line num="616" type="stmt" count="0"/>
        <line num="618" type="stmt" count="0"/>
        <line num="632" type="method" name="betweenLength" crap="30" count="0"/>
        <line num="634" type="stmt" count="0"/>
        <line num="636" type="stmt" count="0"/>
        <line num="637" type="stmt" count="0"/>
        <line num="638" type="stmt" count="0"/>
        <line num="639" type="stmt" count="0"/>
        <line num="640" type="stmt" count="0"/>
        <line num="641" type="stmt" count="0"/>
        <line num="642" type="stmt" count="0"/>
        <line num="644" type="stmt" count="0"/>
        <line num="645" type="stmt" count="0"/>
        <line num="648" type="stmt" count="0"/>
        <line num="649" type="stmt" count="0"/>
        <line num="650" type="stmt" count="0"/>
        <line num="651" type="stmt" count="0"/>
        <line num="652" type="stmt" count="0"/>
        <line num="653" type="stmt" count="0"/>
        <line num="654" type="stmt" count="0"/>
        <line num="656" type="stmt" count="0"/>
        <line num="657" type="stmt" count="0"/>
        <line num="659" type="stmt" count="0"/>
        <line num="672" type="method" name="startsWith" crap="12" count="0"/>
        <line num="674" type="stmt" count="0"/>
        <line num="676" type="stmt" count="0"/>
        <line num="677" type="stmt" count="0"/>
        <line num="678" type="stmt" count="0"/>
        <line num="679" type="stmt" count="0"/>
        <line num="680" type="stmt" count="0"/>
        <line num="681" type="stmt" count="0"/>
        <line num="683" type="stmt" count="0"/>
        <line num="684" type="stmt" count="0"/>
        <line num="686" type="stmt" count="0"/>
        <line num="699" type="method" name="endsWith" crap="12" count="0"/>
        <line num="701" type="stmt" count="0"/>
        <line num="703" type="stmt" count="0"/>
        <line num="705" type="stmt" count="0"/>
        <line num="706" type="stmt" count="0"/>
        <line num="707" type="stmt" count="0"/>
        <line num="708" type="stmt" count="0"/>
        <line num="709" type="stmt" count="0"/>
        <line num="710" type="stmt" count="0"/>
        <line num="712" type="stmt" count="0"/>
        <line num="713" type="stmt" count="0"/>
        <line num="715" type="stmt" count="0"/>
        <line num="728" type="method" name="contains" crap="12" count="0"/>
        <line num="730" type="stmt" count="0"/>
        <line num="732" type="stmt" count="0"/>
        <line num="733" type="stmt" count="0"/>
        <line num="734" type="stmt" count="0"/>
        <line num="735" type="stmt" count="0"/>
        <line num="736" type="stmt" count="0"/>
        <line num="737" type="stmt" count="0"/>
        <line num="739" type="stmt" count="0"/>
        <line num="740" type="stmt" count="0"/>
        <line num="742" type="stmt" count="0"/>
        <line num="754" type="method" name="choice" crap="12" count="0"/>
        <line num="756" type="stmt" count="0"/>
        <line num="757" type="stmt" count="0"/>
        <line num="758" type="stmt" count="0"/>
        <line num="759" type="stmt" count="0"/>
        <line num="760" type="stmt" count="0"/>
        <line num="761" type="stmt" count="0"/>
        <line num="763" type="stmt" count="0"/>
        <line num="765" type="stmt" count="0"/>
        <line num="772" type="method" name="inArray" crap="2" count="0"/>
        <line num="774" type="stmt" count="0"/>
        <line num="775" type="stmt" count="0"/>
        <line num="786" type="method" name="numeric" crap="12" count="0"/>
        <line num="788" type="stmt" count="0"/>
        <line num="789" type="stmt" count="0"/>
        <line num="790" type="stmt" count="0"/>
        <line num="791" type="stmt" count="0"/>
        <line num="792" type="stmt" count="0"/>
        <line num="794" type="stmt" count="0"/>
        <line num="796" type="stmt" count="0"/>
        <line num="807" type="method" name="isArray" crap="12" count="0"/>
        <line num="809" type="stmt" count="0"/>
        <line num="810" type="stmt" count="0"/>
        <line num="811" type="stmt" count="0"/>
        <line num="812" type="stmt" count="0"/>
        <line num="813" type="stmt" count="0"/>
        <line num="815" type="stmt" count="0"/>
        <line num="817" type="stmt" count="0"/>
        <line num="828" type="method" name="isTraversable" crap="9.83" count="3"/>
        <line num="830" type="stmt" count="3"/>
        <line num="831" type="stmt" count="0"/>
        <line num="832" type="stmt" count="0"/>
        <line num="833" type="stmt" count="0"/>
        <line num="834" type="stmt" count="0"/>
        <line num="836" type="stmt" count="0"/>
        <line num="838" type="stmt" count="3"/>
        <line num="849" type="method" name="isArrayAccessible" crap="20" count="0"/>
        <line num="851" type="stmt" count="0"/>
        <line num="852" type="stmt" count="0"/>
        <line num="853" type="stmt" count="0"/>
        <line num="854" type="stmt" count="0"/>
        <line num="855" type="stmt" count="0"/>
        <line num="857" type="stmt" count="0"/>
        <line num="859" type="stmt" count="0"/>
        <line num="871" type="method" name="keyExists" crap="12" count="0"/>
        <line num="873" type="stmt" count="0"/>
        <line num="875" type="stmt" count="0"/>
        <line num="876" type="stmt" count="0"/>
        <line num="877" type="stmt" count="0"/>
        <line num="878" type="stmt" count="0"/>
        <line num="879" type="stmt" count="0"/>
        <line num="881" type="stmt" count="0"/>
        <line num="883" type="stmt" count="0"/>
        <line num="895" type="method" name="keyIsset" crap="12" count="0"/>
        <line num="897" type="stmt" count="0"/>
        <line num="899" type="stmt" count="0"/>
        <line num="900" type="stmt" count="0"/>
        <line num="901" type="stmt" count="0"/>
        <line num="902" type="stmt" count="0"/>
        <line num="903" type="stmt" count="0"/>
        <line num="905" type="stmt" count="0"/>
        <line num="907" type="stmt" count="0"/>
        <line num="919" type="method" name="notEmptyKey" crap="2" count="0"/>
        <line num="921" type="stmt" count="0"/>
        <line num="922" type="stmt" count="0"/>
        <line num="923" type="stmt" count="0"/>
        <line num="934" type="method" name="notBlank" crap="56" count="0"/>
        <line num="936" type="stmt" count="0"/>
        <line num="937" type="stmt" count="0"/>
        <line num="938" type="stmt" count="0"/>
        <line num="939" type="stmt" count="0"/>
        <line num="940" type="stmt" count="0"/>
        <line num="942" type="stmt" count="0"/>
        <line num="944" type="stmt" count="0"/>
        <line num="956" type="method" name="isInstanceOf" crap="6.28" count="3"/>
        <line num="958" type="stmt" count="3"/>
        <line num="959" type="stmt" count="0"/>
        <line num="960" type="stmt" count="0"/>
        <line num="961" type="stmt" count="0"/>
        <line num="963" type="stmt" count="0"/>
        <line num="965" type="stmt" count="0"/>
        <line num="967" type="stmt" count="3"/>
        <line num="979" type="method" name="notIsInstanceOf" crap="12" count="0"/>
        <line num="981" type="stmt" count="0"/>
        <line num="982" type="stmt" count="0"/>
        <line num="983" type="stmt" count="0"/>
        <line num="984" type="stmt" count="0"/>
        <line num="986" type="stmt" count="0"/>
        <line num="988" type="stmt" count="0"/>
        <line num="990" type="stmt" count="0"/>
        <line num="1002" type="method" name="subclassOf" crap="12" count="0"/>
        <line num="1004" type="stmt" count="0"/>
        <line num="1005" type="stmt" count="0"/>
        <line num="1006" type="stmt" count="0"/>
        <line num="1007" type="stmt" count="0"/>
        <line num="1009" type="stmt" count="0"/>
        <line num="1011" type="stmt" count="0"/>
        <line num="1013" type="stmt" count="0"/>
        <line num="1026" type="method" name="range" crap="20" count="0"/>
        <line num="1028" type="stmt" count="0"/>
        <line num="1030" type="stmt" count="0"/>
        <line num="1031" type="stmt" count="0"/>
        <line num="1032" type="stmt" count="0"/>
        <line num="1033" type="stmt" count="0"/>
        <line num="1034" type="stmt" count="0"/>
        <line num="1035" type="stmt" count="0"/>
        <line num="1036" type="stmt" count="0"/>
        <line num="1038" type="stmt" count="0"/>
        <line num="1040" type="stmt" count="0"/>
        <line num="1052" type="method" name="min" crap="12" count="0"/>
        <line num="1054" type="stmt" count="0"/>
        <line num="1056" type="stmt" count="0"/>
        <line num="1057" type="stmt" count="0"/>
        <line num="1058" type="stmt" count="0"/>
        <line num="1059" type="stmt" count="0"/>
        <line num="1060" type="stmt" count="0"/>
        <line num="1061" type="stmt" count="0"/>
        <line num="1063" type="stmt" count="0"/>
        <line num="1065" type="stmt" count="0"/>
        <line num="1077" type="method" name="max" crap="12" count="0"/>
        <line num="1079" type="stmt" count="0"/>
        <line num="1081" type="stmt" count="0"/>
        <line num="1082" type="stmt" count="0"/>
        <line num="1083" type="stmt" count="0"/>
        <line num="1084" type="stmt" count="0"/>
        <line num="1085" type="stmt" count="0"/>
        <line num="1086" type="stmt" count="0"/>
        <line num="1088" type="stmt" count="0"/>
        <line num="1090" type="stmt" count="0"/>
        <line num="1101" type="method" name="file" crap="12" count="0"/>
        <line num="1103" type="stmt" count="0"/>
        <line num="1104" type="stmt" count="0"/>
        <line num="1106" type="stmt" count="0"/>
        <line num="1107" type="stmt" count="0"/>
        <line num="1108" type="stmt" count="0"/>
        <line num="1109" type="stmt" count="0"/>
        <line num="1110" type="stmt" count="0"/>
        <line num="1112" type="stmt" count="0"/>
        <line num="1114" type="stmt" count="0"/>
        <line num="1125" type="method" name="directory" crap="12" count="0"/>
        <line num="1127" type="stmt" count="0"/>
        <line num="1129" type="stmt" count="0"/>
        <line num="1130" type="stmt" count="0"/>
        <line num="1131" type="stmt" count="0"/>
        <line num="1132" type="stmt" count="0"/>
        <line num="1133" type="stmt" count="0"/>
        <line num="1135" type="stmt" count="0"/>
        <line num="1137" type="stmt" count="0"/>
        <line num="1148" type="method" name="readable" crap="12" count="0"/>
        <line num="1150" type="stmt" count="0"/>
        <line num="1152" type="stmt" count="0"/>
        <line num="1153" type="stmt" count="0"/>
        <line num="1154" type="stmt" count="0"/>
        <line num="1155" type="stmt" count="0"/>
        <line num="1156" type="stmt" count="0"/>
        <line num="1158" type="stmt" count="0"/>
        <line num="1160" type="stmt" count="0"/>
        <line num="1171" type="method" name="writeable" crap="12" count="0"/>
        <line num="1173" type="stmt" count="0"/>
        <line num="1175" type="stmt" count="0"/>
        <line num="1176" type="stmt" count="0"/>
        <line num="1177" type="stmt" count="0"/>
        <line num="1178" type="stmt" count="0"/>
        <line num="1179" type="stmt" count="0"/>
        <line num="1181" type="stmt" count="0"/>
        <line num="1183" type="stmt" count="0"/>
        <line num="1195" type="method" name="email" crap="42" count="0"/>
        <line num="1197" type="stmt" count="0"/>
        <line num="1199" type="stmt" count="0"/>
        <line num="1200" type="stmt" count="0"/>
        <line num="1201" type="stmt" count="0"/>
        <line num="1202" type="stmt" count="0"/>
        <line num="1203" type="stmt" count="0"/>
        <line num="1205" type="stmt" count="0"/>
        <line num="1207" type="stmt" count="0"/>
        <line num="1210" type="stmt" count="0"/>
        <line num="1211" type="stmt" count="0"/>
        <line num="1212" type="stmt" count="0"/>
        <line num="1213" type="stmt" count="0"/>
        <line num="1214" type="stmt" count="0"/>
        <line num="1216" type="stmt" count="0"/>
        <line num="1219" type="stmt" count="0"/>
        <line num="1236" type="method" name="url" crap="3.85" count="3"/>
        <line num="1238" type="stmt" count="3"/>
        <line num="1240" type="stmt" count="3"/>
        <line num="1255" type="stmt" count="3"/>
        <line num="1257" type="stmt" count="3"/>
        <line num="1259" type="stmt" count="3"/>
        <line num="1260" type="stmt" count="0"/>
        <line num="1261" type="stmt" count="0"/>
        <line num="1262" type="stmt" count="0"/>
        <line num="1263" type="stmt" count="0"/>
        <line num="1265" type="stmt" count="0"/>
        <line num="1268" type="stmt" count="3"/>
        <line num="1279" type="method" name="alnum" crap="12" count="0"/>
        <line num="1282" type="stmt" count="0"/>
        <line num="1283" type="stmt" count="0"/>
        <line num="1284" type="stmt" count="0"/>
        <line num="1285" type="stmt" count="0"/>
        <line num="1286" type="stmt" count="0"/>
        <line num="1287" type="stmt" count="0"/>
        <line num="1289" type="stmt" count="0"/>
        <line num="1291" type="stmt" count="0"/>
        <line num="1302" type="method" name="true" crap="12" count="0"/>
        <line num="1304" type="stmt" count="0"/>
        <line num="1305" type="stmt" count="0"/>
        <line num="1306" type="stmt" count="0"/>
        <line num="1307" type="stmt" count="0"/>
        <line num="1308" type="stmt" count="0"/>
        <line num="1310" type="stmt" count="0"/>
        <line num="1312" type="stmt" count="0"/>
        <line num="1323" type="method" name="false" crap="12" count="0"/>
        <line num="1325" type="stmt" count="0"/>
        <line num="1326" type="stmt" count="0"/>
        <line num="1327" type="stmt" count="0"/>
        <line num="1328" type="stmt" count="0"/>
        <line num="1329" type="stmt" count="0"/>
        <line num="1331" type="stmt" count="0"/>
        <line num="1333" type="stmt" count="0"/>
        <line num="1344" type="method" name="classExists" crap="12" count="0"/>
        <line num="1346" type="stmt" count="0"/>
        <line num="1347" type="stmt" count="0"/>
        <line num="1348" type="stmt" count="0"/>
        <line num="1349" type="stmt" count="0"/>
        <line num="1350" type="stmt" count="0"/>
        <line num="1352" type="stmt" count="0"/>
        <line num="1354" type="stmt" count="0"/>
        <line num="1366" type="method" name="implementsInterface" crap="12" count="0"/>
        <line num="1368" type="stmt" count="0"/>
        <line num="1369" type="stmt" count="0"/>
        <line num="1370" type="stmt" count="0"/>
        <line num="1371" type="stmt" count="0"/>
        <line num="1372" type="stmt" count="0"/>
        <line num="1373" type="stmt" count="0"/>
        <line num="1374" type="stmt" count="0"/>
        <line num="1376" type="stmt" count="0"/>
        <line num="1378" type="stmt" count="0"/>
        <line num="1395" type="method" name="isJsonString" crap="20" count="0"/>
        <line num="1397" type="stmt" count="0"/>
        <line num="1398" type="stmt" count="0"/>
        <line num="1399" type="stmt" count="0"/>
        <line num="1400" type="stmt" count="0"/>
        <line num="1401" type="stmt" count="0"/>
        <line num="1403" type="stmt" count="0"/>
        <line num="1405" type="stmt" count="0"/>
        <line num="1418" type="method" name="uuid" crap="20" count="0"/>
        <line num="1420" type="stmt" count="0"/>
        <line num="1422" type="stmt" count="0"/>
        <line num="1423" type="stmt" count="0"/>
        <line num="1426" type="stmt" count="0"/>
        <line num="1427" type="stmt" count="0"/>
        <line num="1428" type="stmt" count="0"/>
        <line num="1429" type="stmt" count="0"/>
        <line num="1430" type="stmt" count="0"/>
        <line num="1432" type="stmt" count="0"/>
        <line num="1434" type="stmt" count="0"/>
        <line num="1446" type="method" name="count" crap="12" count="0"/>
        <line num="1448" type="stmt" count="0"/>
        <line num="1449" type="stmt" count="0"/>
        <line num="1450" type="stmt" count="0"/>
        <line num="1451" type="stmt" count="0"/>
        <line num="1452" type="stmt" count="0"/>
        <line num="1454" type="stmt" count="0"/>
        <line num="1456" type="stmt" count="0"/>
        <line num="1463" type="method" name="__callStatic" crap="10.66" count="3"/>
        <line num="1465" type="stmt" count="3"/>
        <line num="1466" type="stmt" count="0"/>
        <line num="1467" type="stmt" count="0"/>
        <line num="1470" type="stmt" count="0"/>
        <line num="1471" type="stmt" count="0"/>
        <line num="1474" type="stmt" count="0"/>
        <line num="1476" type="stmt" count="0"/>
        <line num="1479" type="stmt" count="3"/>
        <line num="1480" type="stmt" count="3"/>
        <line num="1481" type="stmt" count="0"/>
        <line num="1484" type="stmt" count="3"/>
        <line num="1486" type="stmt" count="3"/>
        <line num="1487" type="stmt" count="3"/>
        <line num="1488" type="stmt" count="3"/>
        <line num="1490" type="stmt" count="3"/>
        <line num="1491" type="stmt" count="3"/>
        <line num="1492" type="stmt" count="3"/>
        <line num="1494" type="stmt" count="3"/>
        <line num="1497" type="stmt" count="0"/>
        <line num="1508" type="method" name="choicesNotEmpty" crap="6" count="0"/>
        <line num="1510" type="stmt" count="0"/>
        <line num="1512" type="stmt" count="0"/>
        <line num="1514" type="stmt" count="0"/>
        <line num="1515" type="stmt" count="0"/>
        <line num="1516" type="stmt" count="0"/>
        <line num="1528" type="method" name="methodExists" crap="12" count="0"/>
        <line num="1530" type="stmt" count="0"/>
        <line num="1532" type="stmt" count="0"/>
        <line num="1533" type="stmt" count="0"/>
        <line num="1534" type="stmt" count="0"/>
        <line num="1535" type="stmt" count="0"/>
        <line num="1536" type="stmt" count="0"/>
        <line num="1538" type="stmt" count="0"/>
        <line num="1540" type="stmt" count="0"/>
        <line num="1549" type="method" name="isObject" crap="12" count="0"/>
        <line num="1551" type="stmt" count="0"/>
        <line num="1552" type="stmt" count="0"/>
        <line num="1553" type="stmt" count="0"/>
        <line num="1554" type="stmt" count="0"/>
        <line num="1555" type="stmt" count="0"/>
        <line num="1557" type="stmt" count="0"/>
        <line num="1560" type="stmt" count="0"/>
        <line num="1570" type="method" name="lessThan" crap="12" count="0"/>
        <line num="1572" type="stmt" count="0"/>
        <line num="1573" type="stmt" count="0"/>
        <line num="1574" type="stmt" count="0"/>
        <line num="1575" type="stmt" count="0"/>
        <line num="1576" type="stmt" count="0"/>
        <line num="1577" type="stmt" count="0"/>
        <line num="1579" type="stmt" count="0"/>
        <line num="1581" type="stmt" count="0"/>
        <line num="1591" type="method" name="lessOrEqualThan" crap="12" count="0"/>
        <line num="1593" type="stmt" count="0"/>
        <line num="1594" type="stmt" count="0"/>
        <line num="1595" type="stmt" count="0"/>
        <line num="1596" type="stmt" count="0"/>
        <line num="1597" type="stmt" count="0"/>
        <line num="1598" type="stmt" count="0"/>
        <line num="1600" type="stmt" count="0"/>
        <line num="1602" type="stmt" count="0"/>
        <line num="1612" type="method" name="greaterThan" crap="12" count="0"/>
        <line num="1614" type="stmt" count="0"/>
        <line num="1615" type="stmt" count="0"/>
        <line num="1616" type="stmt" count="0"/>
        <line num="1617" type="stmt" count="0"/>
        <line num="1618" type="stmt" count="0"/>
        <line num="1619" type="stmt" count="0"/>
        <line num="1621" type="stmt" count="0"/>
        <line num="1623" type="stmt" count="0"/>
        <line num="1633" type="method" name="greaterOrEqualThan" crap="12" count="0"/>
        <line num="1635" type="stmt" count="0"/>
        <line num="1636" type="stmt" count="0"/>
        <line num="1637" type="stmt" count="0"/>
        <line num="1638" type="stmt" count="0"/>
        <line num="1639" type="stmt" count="0"/>
        <line num="1640" type="stmt" count="0"/>
        <line num="1642" type="stmt" count="0"/>
        <line num="1644" type="stmt" count="0"/>
        <line num="1652" type="method" name="stringify" crap="90" count="0"/>
        <line num="1654" type="stmt" count="0"/>
        <line num="1655" type="stmt" count="0"/>
        <line num="1658" type="stmt" count="0"/>
        <line num="1659" type="stmt" count="0"/>
        <line num="1661" type="stmt" count="0"/>
        <line num="1662" type="stmt" count="0"/>
        <line num="1663" type="stmt" count="0"/>
        <line num="1665" type="stmt" count="0"/>
        <line num="1668" type="stmt" count="0"/>
        <line num="1669" type="stmt" count="0"/>
        <line num="1672" type="stmt" count="0"/>
        <line num="1673" type="stmt" count="0"/>
        <line num="1676" type="stmt" count="0"/>
        <line num="1677" type="stmt" count="0"/>
        <line num="1680" type="stmt" count="0"/>
        <line num="1681" type="stmt" count="0"/>
        <line num="1684" type="stmt" count="0"/>
        <metrics loc="1687" ncloc="967" classes="1" methods="62" coveredmethods="0" conditionals="0" coveredconditionals="0" statements="519" coveredstatements="23" elements="581" coveredelements="23"/>
      </file>
    </package>
    <file name="/code/vendor/beberlei/assert/lib/Assert/functions.php">
      <line num="38" type="stmt" count="0"/>
      <line num="48" type="stmt" count="0"/>
      <line num="58" type="stmt" count="0"/>
      <line num="68" type="stmt" count="0"/>
      <metrics loc="70" ncloc="24" classes="0" methods="0" coveredmethods="0" conditionals="0" coveredconditionals="0" statements="4" coveredstatements="0" elements="4" coveredelements="0"/>
    </file>
    <package name="Symfony\Component\DomCrawler">
      <file name="/code/vendor/symfony/dom-crawler/Crawler.php">
        <class name="Crawler" namespace="Symfony\Component\DomCrawler">
          <metrics methods="44" coveredmethods="8" conditionals="0" coveredconditionals="0" statements="281" coveredstatements="101" elements="325" coveredelements="109"/>
        </class>
        <line num="54" type="method" name="__construct" crap="2" count="3"/>
        <line num="56" type="stmt" count="3"/>
        <line num="57" type="stmt" count="3"/>
        <line num="59" type="stmt" count="3"/>
        <line num="60" type="stmt" count="3"/>
        <line num="67" type="method" name="clear" crap="2" count="0"/>
        <line num="69" type="stmt" count="0"/>
        <line num="70" type="stmt" count="0"/>
        <line num="84" type="method" name="add" crap="7.99" count="3"/>
        <line num="86" type="stmt" count="3"/>
        <line num="87" type="stmt" count="3"/>
        <line num="88" type="stmt" count="3"/>
        <line num="89" type="stmt" count="0"/>
        <line num="90" type="stmt" count="3"/>
        <line num="91" type="stmt" count="0"/>
        <line num="92" type="stmt" count="3"/>
        <line num="93" type="stmt" count="3"/>
        <line num="94" type="stmt" count="3"/>
        <line num="95" type="stmt" count="0"/>
        <line num="97" type="stmt" count="3"/>
        <line num="109" type="method" name="addContent" crap="17.23" count="3"/>
        <line num="111" type="stmt" count="3"/>
        <line num="112" type="stmt" count="3"/>
        <line num="113" type="stmt" count="3"/>
        <line num="116" type="stmt" count="3"/>
        <line num="117" type="stmt" count="0"/>
        <line num="120" type="stmt" count="3"/>
        <line num="121" type="stmt" count="3"/>
        <line num="122" type="stmt" count="0"/>
        <line num="123" type="stmt" count="0"/>
        <line num="124" type="stmt" count="0"/>
        <line num="125" type="stmt" count="0"/>
        <line num="126" type="stmt" count="0"/>
        <line num="130" type="stmt" count="3"/>
        <line num="131" type="stmt" count="3"/>
        <line num="132" type="stmt" count="0"/>
        <line num="133" type="stmt" count="0"/>
        <line num="135" type="stmt" count="3"/>
        <line num="136" type="stmt" count="3"/>
        <line num="137" type="stmt" count="3"/>
        <line num="139" type="stmt" count="3"/>
        <line num="140" type="stmt" count="0"/>
        <line num="141" type="stmt" count="0"/>
        <line num="142" type="stmt" count="3"/>
        <line num="144" type="stmt" count="3"/>
        <line num="161" type="method" name="addHtmlContent" crap="7" count="3"/>
        <line num="163" type="stmt" count="3"/>
        <line num="164" type="stmt" count="3"/>
        <line num="166" type="stmt" count="3"/>
        <line num="167" type="stmt" count="3"/>
        <line num="169" type="stmt" count="3"/>
        <line num="170" type="stmt" count="3"/>
        <line num="171" type="method" name="anonymous function" crap="1.12" count="3"/>
        <line num="172" type="stmt" count="0"/>
        <line num="173" type="stmt" count="3"/>
        <line num="174" type="stmt" count="3"/>
        <line num="176" type="stmt" count="3"/>
        <line num="178" type="stmt" count="3"/>
        <line num="179" type="stmt" count="3"/>
        <line num="180" type="stmt" count="3"/>
        <line num="181" type="stmt" count="3"/>
        <line num="183" type="stmt" count="3"/>
        <line num="184" type="stmt" count="3"/>
        <line num="185" type="stmt" count="3"/>
        <line num="187" type="stmt" count="3"/>
        <line num="188" type="stmt" count="3"/>
        <line num="190" type="stmt" count="3"/>
        <line num="192" type="stmt" count="3"/>
        <line num="194" type="stmt" count="3"/>
        <line num="195" type="stmt" count="3"/>
        <line num="196" type="stmt" count="0"/>
        <line num="197" type="stmt" count="0"/>
        <line num="198" type="stmt" count="0"/>
        <line num="199" type="stmt" count="0"/>
        <line num="200" type="stmt" count="0"/>
        <line num="201" type="stmt" count="0"/>
        <line num="202" type="stmt" count="0"/>
        <line num="204" type="stmt" count="0"/>
        <line num="205" type="stmt" count="3"/>
        <line num="222" type="method" name="addXmlContent" crap="12" count="0"/>
        <line num="225" type="stmt" count="0"/>
        <line num="226" type="stmt" count="0"/>
        <line num="227" type="stmt" count="0"/>
        <line num="229" type="stmt" count="0"/>
        <line num="230" type="stmt" count="0"/>
        <line num="232" type="stmt" count="0"/>
        <line num="233" type="stmt" count="0"/>
        <line num="235" type="stmt" count="0"/>
        <line num="236" type="stmt" count="0"/>
        <line num="237" type="stmt" count="0"/>
        <line num="239" type="stmt" count="0"/>
        <line num="240" type="stmt" count="0"/>
        <line num="242" type="stmt" count="0"/>
        <line num="243" type="stmt" count="0"/>
        <line num="252" type="method" name="addDocument" crap="2" count="3"/>
        <line num="254" type="stmt" count="3"/>
        <line num="255" type="stmt" count="3"/>
        <line num="256" type="stmt" count="3"/>
        <line num="257" type="stmt" count="3"/>
        <line num="266" type="method" name="addNodeList" crap="3" count="3"/>
        <line num="268" type="stmt" count="3"/>
        <line num="269" type="stmt" count="2"/>
        <line num="270" type="stmt" count="2"/>
        <line num="271" type="stmt" count="2"/>
        <line num="272" type="stmt" count="3"/>
        <line num="273" type="stmt" count="3"/>
        <line num="282" type="method" name="addNodes" crap="6" count="0"/>
        <line num="284" type="stmt" count="0"/>
        <line num="285" type="stmt" count="0"/>
        <line num="286" type="stmt" count="0"/>
        <line num="287" type="stmt" count="0"/>
        <line num="296" type="method" name="addNode" crap="2.26" count="3"/>
        <line num="298" type="stmt" count="3"/>
        <line num="299" type="stmt" count="0"/>
        <line num="300" type="stmt" count="0"/>
        <line num="301" type="stmt" count="3"/>
        <line num="303" type="stmt" count="3"/>
        <line num="314" type="method" name="eq" crap="12" count="0"/>
        <line num="316" type="stmt" count="0"/>
        <line num="317" type="stmt" count="0"/>
        <line num="318" type="stmt" count="0"/>
        <line num="320" type="stmt" count="0"/>
        <line num="322" type="stmt" count="0"/>
        <line num="343" type="method" name="each" crap="6" count="0"/>
        <line num="345" type="stmt" count="0"/>
        <line num="346" type="stmt" count="0"/>
        <line num="347" type="stmt" count="0"/>
        <line num="348" type="stmt" count="0"/>
        <line num="350" type="stmt" count="0"/>
        <line num="361" type="method" name="slice" crap="2" count="0"/>
        <line num="363" type="stmt" count="0"/>
        <line num="377" type="method" name="reduce" crap="12" count="0"/>
        <line num="379" type="stmt" count="0"/>
        <line num="380" type="stmt" count="0"/>
        <line num="381" type="stmt" count="0"/>
        <line num="382" type="stmt" count="0"/>
        <line num="383" type="stmt" count="0"/>
        <line num="384" type="stmt" count="0"/>
        <line num="386" type="stmt" count="0"/>
        <line num="396" type="method" name="first" crap="2" count="0"/>
        <line num="398" type="stmt" count="0"/>
        <line num="408" type="method" name="last" crap="2" count="0"/>
        <line num="410" type="stmt" count="0"/>
        <line num="422" type="method" name="siblings" crap="6" count="0"/>
        <line num="424" type="stmt" count="0"/>
        <line num="425" type="stmt" count="0"/>
        <line num="428" type="stmt" count="0"/>
        <line num="440" type="method" name="nextAll" crap="6" count="0"/>
        <line num="442" type="stmt" count="0"/>
        <line num="443" type="stmt" count="0"/>
        <line num="446" type="stmt" count="0"/>
        <line num="458" type="method" name="previousAll" crap="6" count="0"/>
        <line num="460" type="stmt" count="0"/>
        <line num="461" type="stmt" count="0"/>
        <line num="464" type="stmt" count="0"/>
        <line num="476" type="method" name="parents" crap="20" count="0"/>
        <line num="478" type="stmt" count="0"/>
        <line num="479" type="stmt" count="0"/>
        <line num="482" type="stmt" count="0"/>
        <line num="483" type="stmt" count="0"/>
        <line num="485" type="stmt" count="0"/>
        <line num="486" type="stmt" count="0"/>
        <line num="487" type="stmt" count="0"/>
        <line num="488" type="stmt" count="0"/>
        <line num="489" type="stmt" count="0"/>
        <line num="491" type="stmt" count="0"/>
        <line num="503" type="method" name="children" crap="12" count="0"/>
        <line num="505" type="stmt" count="0"/>
        <line num="506" type="stmt" count="0"/>
        <line num="509" type="stmt" count="0"/>
        <line num="511" type="stmt" count="0"/>
        <line num="525" type="method" name="attr" crap="3" count="3"/>
        <line num="527" type="stmt" count="3"/>
        <line num="528" type="stmt" count="2"/>
        <line num="531" type="stmt" count="2"/>
        <line num="533" type="stmt" count="2"/>
        <line num="543" type="method" name="nodeName" crap="6" count="0"/>
        <line num="545" type="stmt" count="0"/>
        <line num="546" type="stmt" count="0"/>
        <line num="549" type="stmt" count="0"/>
        <line num="561" type="method" name="text" crap="2" count="3"/>
        <line num="563" type="stmt" count="3"/>
        <line num="564" type="stmt" count="2"/>
        <line num="567" type="stmt" count="1"/>
        <line num="577" type="method" name="html" crap="12" count="0"/>
        <line num="579" type="stmt" count="0"/>
        <line num="580" type="stmt" count="0"/>
        <line num="583" type="stmt" count="0"/>
        <line num="584" type="stmt" count="0"/>
        <line num="585" type="stmt" count="0"/>
        <line num="586" type="stmt" count="0"/>
        <line num="588" type="stmt" count="0"/>
        <line num="606" type="method" name="extract" crap="9.66" count="3"/>
        <line num="608" type="stmt" count="3"/>
        <line num="609" type="stmt" count="3"/>
        <line num="611" type="stmt" count="3"/>
        <line num="612" type="stmt" count="3"/>
        <line num="613" type="stmt" count="0"/>
        <line num="614" type="stmt" count="0"/>
        <line num="615" type="stmt" count="0"/>
        <line num="616" type="stmt" count="0"/>
        <line num="617" type="stmt" count="0"/>
        <line num="618" type="stmt" count="0"/>
        <line num="620" type="stmt" count="0"/>
        <line num="622" type="stmt" count="0"/>
        <line num="623" type="stmt" count="3"/>
        <line num="625" type="stmt" count="3"/>
        <line num="642" type="method" name="filterXPath" crap="2.06" count="3"/>
        <line num="644" type="stmt" count="3"/>
        <line num="647" type="stmt" count="3"/>
        <line num="648" type="stmt" count="0"/>
        <line num="651" type="stmt" count="3"/>
        <line num="667" type="method" name="filter" crap="6" count="0"/>
        <line num="669" type="stmt" count="0"/>
        <line num="670" type="stmt" count="0"/>
        <line num="674" type="stmt" count="0"/>
        <line num="686" type="method" name="selectLink" crap="2" count="0"/>
        <line num="688" type="stmt" count="0"/>
        <line num="689" type="stmt" count="0"/>
        <line num="691" type="stmt" count="0"/>
        <line num="703" type="method" name="selectButton" crap="2" count="0"/>
        <line num="705" type="stmt" count="0"/>
        <line num="706" type="stmt" count="0"/>
        <line num="707" type="stmt" count="0"/>
        <line num="708" type="stmt" count="0"/>
        <line num="710" type="stmt" count="0"/>
        <line num="724" type="method" name="link" crap="6" count="0"/>
        <line num="726" type="stmt" count="0"/>
        <line num="727" type="stmt" count="0"/>
        <line num="730" type="stmt" count="0"/>
        <line num="732" type="stmt" count="0"/>
        <line num="742" type="method" name="links" crap="6" count="0"/>
        <line num="744" type="stmt" count="0"/>
        <line num="745" type="stmt" count="0"/>
        <line num="746" type="stmt" count="0"/>
        <line num="747" type="stmt" count="0"/>
        <line num="749" type="stmt" count="0"/>
        <line num="764" type="method" name="form" crap="12" count="0"/>
        <line num="766" type="stmt" count="0"/>
        <line num="767" type="stmt" count="0"/>
        <line num="770" type="stmt" count="0"/>
        <line num="772" type="stmt" count="0"/>
        <line num="773" type="stmt" count="0"/>
        <line num="774" type="stmt" count="0"/>
        <line num="776" type="stmt" count="0"/>
        <line num="784" type="method" name="setDefaultNamespacePrefix" crap="2" count="0"/>
        <line num="786" type="stmt" count="0"/>
        <line num="787" type="stmt" count="0"/>
        <line num="793" type="method" name="registerNamespace" crap="2" count="0"/>
        <line num="795" type="stmt" count="0"/>
        <line num="796" type="stmt" count="0"/>
        <line num="819" type="method" name="xpathLiteral" crap="30" count="0"/>
        <line num="821" type="stmt" count="0"/>
        <line num="822" type="stmt" count="0"/>
        <line num="825" type="stmt" count="0"/>
        <line num="826" type="stmt" count="0"/>
        <line num="829" type="stmt" count="0"/>
        <line num="830" type="stmt" count="0"/>
        <line num="831" type="stmt" count="0"/>
        <line num="832" type="stmt" count="0"/>
        <line num="833" type="stmt" count="0"/>
        <line num="834" type="stmt" count="0"/>
        <line num="835" type="stmt" count="0"/>
        <line num="836" type="stmt" count="0"/>
        <line num="837" type="stmt" count="0"/>
        <line num="838" type="stmt" count="0"/>
        <line num="840" type="stmt" count="0"/>
        <line num="842" type="stmt" count="0"/>
        <line num="854" type="method" name="filterRelativeXPath" crap="2" count="3"/>
        <line num="856" type="stmt" count="3"/>
        <line num="858" type="stmt" count="3"/>
        <line num="860" type="stmt" count="3"/>
        <line num="861" type="stmt" count="3"/>
        <line num="862" type="stmt" count="3"/>
        <line num="863" type="stmt" count="3"/>
        <line num="865" type="stmt" count="3"/>
        <line num="878" type="method" name="relativize" crap="68.51" count="3"/>
        <line num="880" type="stmt" count="3"/>
        <line num="882" type="stmt" count="3"/>
        <line num="885" type="stmt" count="3"/>
        <line num="888" type="stmt" count="3"/>
        <line num="889" type="stmt" count="3"/>
        <line num="890" type="stmt" count="3"/>
        <line num="894" type="stmt" count="3"/>
        <line num="895" type="stmt" count="0"/>
        <line num="896" type="stmt" count="0"/>
        <line num="897" type="stmt" count="0"/>
        <line num="900" type="stmt" count="3"/>
        <line num="901" type="stmt" count="0"/>
        <line num="902" type="stmt" count="3"/>
        <line num="903" type="stmt" count="0"/>
        <line num="904" type="stmt" count="0"/>
        <line num="907" type="stmt" count="3"/>
        <line num="908" type="stmt" count="0"/>
        <line num="909" type="stmt" count="3"/>
        <line num="910" type="stmt" count="3"/>
        <line num="911" type="stmt" count="3"/>
        <line num="912" type="stmt" count="0"/>
        <line num="913" type="stmt" count="0"/>
        <line num="914" type="stmt" count="0"/>
        <line num="915" type="stmt" count="0"/>
        <line num="916" type="stmt" count="0"/>
        <line num="917" type="stmt" count="0"/>
        <line num="920" type="stmt" count="0"/>
        <line num="921" type="stmt" count="0"/>
        <line num="923" type="stmt" count="0"/>
        <line num="924" type="stmt" count="0"/>
        <line num="925" type="stmt" count="0"/>
        <line num="926" type="stmt" count="0"/>
        <line num="928" type="stmt" count="0"/>
        <line num="929" type="stmt" count="0"/>
        <line num="930" type="stmt" count="0"/>
        <line num="931" type="stmt" count="0"/>
        <line num="932" type="stmt" count="3"/>
        <line num="933" type="stmt" count="3"/>
        <line num="935" type="stmt" count="3"/>
        <line num="943" type="method" name="getNode" crap="3.58" count="2"/>
        <line num="945" type="stmt" count="2"/>
        <line num="946" type="stmt" count="2"/>
        <line num="947" type="stmt" count="2"/>
        <line num="949" type="stmt" count="0"/>
        <line num="950" type="stmt" count="0"/>
        <line num="958" type="method" name="sibling" crap="20" count="0"/>
        <line num="960" type="stmt" count="0"/>
        <line num="963" type="stmt" count="0"/>
        <line num="964" type="stmt" count="0"/>
        <line num="965" type="stmt" count="0"/>
        <line num="966" type="stmt" count="0"/>
        <line num="968" type="stmt" count="0"/>
        <line num="979" type="method" name="createDOMXPath" crap="3.14" count="3"/>
        <line num="981" type="stmt" count="3"/>
        <line num="983" type="stmt" count="3"/>
        <line num="984" type="stmt" count="3"/>
        <line num="985" type="stmt" count="3"/>
        <line num="986" type="stmt" count="0"/>
        <line num="987" type="stmt" count="0"/>
        <line num="988" type="stmt" count="3"/>
        <line num="990" type="stmt" count="3"/>
        <line num="1001" type="method" name="discoverNamespace" crap="4.59" count="3"/>
        <line num="1003" type="stmt" count="3"/>
        <line num="1004" type="stmt" count="0"/>
        <line num="1008" type="stmt" count="3"/>
        <line num="1010" type="stmt" count="3"/>
        <line num="1011" type="stmt" count="0"/>
        <line num="1013" type="stmt" count="3"/>
        <line num="1020" type="method" name="findNamespacePrefixes" crap="2" count="3"/>
        <line num="1022" type="stmt" count="3"/>
        <line num="1023" type="stmt" count="3"/>
        <line num="1026" type="stmt" count="3"/>
        <metrics loc="1028" ncloc="561" classes="1" methods="44" coveredmethods="8" conditionals="0" coveredconditionals="0" statements="305" coveredstatements="117" elements="349" coveredelements="125"/>
      </file>
    </package>
    <metrics files="15" loc="3078" ncloc="1845" classes="13" methods="125" coveredmethods="26" conditionals="0" coveredconditionals="0" statements="901" coveredstatements="212" elements="1026" coveredelements="238"/>
  </project>
</coverage>
